#
# There is insufficient memory for the Java Runtime Environment to continue.
# Native memory allocation (malloc) failed to allocate 135200 bytes for Chunk::new
# Possible reasons:
#   The system is out of physical RAM or swap space
#   The process is running with CompressedOops enabled, and the Java Heap may be blocking the growth of the native heap
# Possible solutions:
#   Reduce memory load on the system
#   Increase physical memory or swap space
#   Check if swap backing store is full
#   Decrease Java heap size (-Xmx/-Xms)
#   Decrease number of Java threads
#   Decrease Java thread stack sizes (-Xss)
#   Set larger code cache with -XX:ReservedCodeCacheSize=
#   JVM is running with Zero Based Compressed Oops mode in which the Java heap is
#     placed in the first 32GB address space. The Java Heap base address is the
#     maximum limit for the native heap growth. Please use -XX:HeapBaseMinAddress
#     to set the Java Heap base and to place the Java Heap above 32GB virtual address.
# This output file may be truncated or incomplete.
#
#  Out of Memory Error (allocation.cpp:389), pid=23920, tid=0x00000000000036d8
#
# JRE version: OpenJDK Runtime Environment (8.0_242-b01) (build 1.8.0_242-release-1644-b01)
# Java VM: OpenJDK 64-Bit Server VM (25.242-b01 mixed mode windows-amd64 compressed oops)
# Failed to write core dump. Minidumps are not enabled by default on client versions of Windows
#

---------------  T H R E A D  ---------------

Current thread (0x000000001e30d000):  JavaThread "C2 CompilerThread0" daemon [_thread_in_native, id=14040, stack(0x000000001f8c0000,0x000000001f9c0000)]

Stack: [0x000000001f8c0000,0x000000001f9c0000]
[error occurred during error reporting (printing stack bounds), id 0xc0000005]

Native frames: (J=compiled Java code, j=interpreted, Vv=VM code, C=native code)


Current CompileTask:
C2:   3042 2606       4       org.jetbrains.kotlin.parsing.SemanticWhitespaceAwarePsiBuilderImpl::getTokenType (22 bytes)


---------------  P R O C E S S  ---------------

Java Threads: ( => current thread )
  0x000000001e3f7800 JavaThread "Service Thread" daemon [_thread_blocked, id=22608, stack(0x000000001fcc0000,0x000000001fdc0000)]
  0x000000001e370000 JavaThread "C1 CompilerThread3" daemon [_thread_blocked, id=11372, stack(0x000000001fbc0000,0x000000001fcc0000)]
  0x000000001e36f800 JavaThread "C2 CompilerThread2" daemon [_thread_blocked, id=1620, stack(0x000000001fac0000,0x000000001fbc0000)]
  0x000000001e36a000 JavaThread "C2 CompilerThread1" daemon [_thread_in_native, id=23988, stack(0x000000001f9c0000,0x000000001fac0000)]
=>0x000000001e30d000 JavaThread "C2 CompilerThread0" daemon [_thread_in_native, id=14040, stack(0x000000001f8c0000,0x000000001f9c0000)]
  0x000000001e30a800 JavaThread "Attach Listener" daemon [_thread_blocked, id=8936, stack(0x000000001f7c0000,0x000000001f8c0000)]
  0x000000001e364000 JavaThread "Signal Dispatcher" daemon [_thread_blocked, id=2296, stack(0x000000001f6c0000,0x000000001f7c0000)]
  0x000000000307b800 JavaThread "Finalizer" daemon [_thread_blocked, id=11008, stack(0x000000001f560000,0x000000001f660000)]
  0x000000001e2f3000 JavaThread "Reference Handler" daemon [_thread_blocked, id=20716, stack(0x000000001f460000,0x000000001f560000)]
  0x0000000002f82800 JavaThread "main" [_thread_in_vm, id=5496, stack(0x0000000002a80000,0x0000000002b80000)]

Other Threads:
  0x000000001cc05800 VMThread [stack: 0x000000001f360000,0x000000001f460000] [id=24508]
  0x000000001e401800 WatcherThread [stack: 0x000000001fdc0000,0x000000001fec0000] [id=21488]

VM state:not at safepoint (normal execution)

VM Mutex/Monitor currently owned by a thread: None

heap address: 0x00000006c2a00000, size: 4054 MB, Compressed Oops mode: Zero based, Oop shift amount: 3
Narrow klass base: 0x0000000000000000, Narrow klass shift: 3
Compressed class space size: 1073741824 Address: 0x00000007c0000000

Heap:
 PSYoungGen      total 75776K, used 21724K [0x000000076b900000, 0x0000000771e80000, 0x00000007c0000000)
  eden space 65024K, 33% used [0x000000076b900000,0x000000076ce37268,0x000000076f880000)
  from space 10752K, 0% used [0x000000076f880000,0x000000076f880000,0x0000000770300000)
  to   space 10752K, 0% used [0x0000000771400000,0x0000000771400000,0x0000000771e80000)
 ParOldGen       total 145920K, used 27623K [0x00000006c2a00000, 0x00000006cb880000, 0x000000076b900000)
  object space 145920K, 18% used [0x00000006c2a00000,0x00000006c44f9fc0,0x00000006cb880000)
 Metaspace       used 35883K, capacity 36414K, committed 36736K, reserved 1087488K
  class space    used 4481K, capacity 4636K, committed 4736K, reserved 1048576K

Card table byte_map: [0x0000000012440000,0x0000000012c30000] byte_map_base: 0x000000000ee2b000

Marking Bits: (ParMarkBitMap*) 0x000000006245f030
 Begin Bits: [0x0000000013b80000, 0x0000000017ad8000)
 End Bits:   [0x0000000017ad8000, 0x000000001ba30000)

Polling page: 0x0000000000d50000

CodeCache: size=245760Kb used=8412Kb max_used=8425Kb free=237348Kb
 bounds [0x0000000003080000, 0x00000000038d0000, 0x0000000012080000]
 total_blobs=3165 nmethods=2692 adapters=386
 compilation: enabled

Compilation events (10 events):
Event: 3.039 Thread 0x000000001e370000 nmethod 2683 0x00000000038b1b10 code [0x00000000038b1de0, 0x00000000038b2e98]
Event: 3.039 Thread 0x000000001e370000 2685   !   3       org.jetbrains.kotlin.com.intellij.psi.impl.source.tree.CompositeElement::getTextLength (77 bytes)
Event: 3.039 Thread 0x000000001e370000 nmethod 2685 0x00000000038b37d0 code [0x00000000038b3a60, 0x00000000038b48e8]
Event: 3.039 Thread 0x000000001e370000 2687       3       org.jetbrains.kotlin.com.intellij.lang.impl.PsiBuilderAdapter::rawLookup (11 bytes)
Event: 3.039 Thread 0x000000001e370000 nmethod 2687 0x00000000038b4f90 code [0x00000000038b5100, 0x00000000038b5328]
Event: 3.039 Thread 0x000000001e370000 2675       3       org.jetbrains.kotlin.com.intellij.psi.impl.source.CharTableImpl$StringHashToCharSequencesMap::getOrAddSubSequenceWithHashCode (271 bytes)
Event: 3.040 Thread 0x000000001e370000 nmethod 2675 0x00000000038b5410 code [0x00000000038b5700, 0x00000000038b6bf8]
Event: 3.040 Thread 0x000000001e370000 2691   !   3       org.jetbrains.kotlin.com.intellij.util.text.StringFactory::createShared (65 bytes)
Event: 3.041 Thread 0x000000001e370000 nmethod 2691 0x00000000038b7450 code [0x00000000038b7620, 0x00000000038b7db8]
Event: 3.041 Thread 0x000000001e370000 2688       3       org.jetbrains.kotlin.com.intellij.lang.impl.PsiBuilderImpl$StartMarker::drop (12 bytes)

GC Heap History (10 events):
Event: 2.340 GC heap before
{Heap before GC invocations=4 (full 1):
 PSYoungGen      total 75776K, used 65024K [0x000000076b900000, 0x0000000770d80000, 0x00000007c0000000)
  eden space 65024K, 100% used [0x000000076b900000,0x000000076f880000,0x000000076f880000)
  from space 10752K, 0% used [0x0000000770300000,0x0000000770300000,0x0000000770d80000)
  to   space 10752K, 0% used [0x000000076f880000,0x000000076f880000,0x0000000770300000)
 ParOldGen       total 145920K, used 22316K [0x00000006c2a00000, 0x00000006cb880000, 0x000000076b900000)
  object space 145920K, 15% used [0x00000006c2a00000,0x00000006c3fcb088,0x00000006cb880000)
 Metaspace       used 29536K, capacity 30058K, committed 30336K, reserved 1075200K
  class space    used 3693K, capacity 3852K, committed 3968K, reserved 1048576K
Event: 2.348 GC heap after
Heap after GC invocations=4 (full 1):
 PSYoungGen      total 75776K, used 10732K [0x000000076b900000, 0x0000000771e80000, 0x00000007c0000000)
  eden space 65024K, 0% used [0x000000076b900000,0x000000076b900000,0x000000076f880000)
  from space 10752K, 99% used [0x000000076f880000,0x00000007702fb158,0x0000000770300000)
  to   space 10752K, 0% used [0x0000000771400000,0x0000000771400000,0x0000000771e80000)
 ParOldGen       total 145920K, used 27059K [0x00000006c2a00000, 0x00000006cb880000, 0x000000076b900000)
  object space 145920K, 18% used [0x00000006c2a00000,0x00000006c446cfb0,0x00000006cb880000)
 Metaspace       used 29536K, capacity 30058K, committed 30336K, reserved 1075200K
  class space    used 3693K, capacity 3852K, committed 3968K, reserved 1048576K
}
Event: 2.483 GC heap before
{Heap before GC invocations=5 (full 1):
 PSYoungGen      total 75776K, used 22420K [0x000000076b900000, 0x0000000771e80000, 0x00000007c0000000)
  eden space 65024K, 17% used [0x000000076b900000,0x000000076c46a0c0,0x000000076f880000)
  from space 10752K, 99% used [0x000000076f880000,0x00000007702fb158,0x0000000770300000)
  to   space 10752K, 0% used [0x0000000771400000,0x0000000771400000,0x0000000771e80000)
 ParOldGen       total 145920K, used 27059K [0x00000006c2a00000, 0x00000006cb880000, 0x000000076b900000)
  object space 145920K, 18% used [0x00000006c2a00000,0x00000006c446cfb0,0x00000006cb880000)
 Metaspace       used 31401K, capacity 31862K, committed 32000K, reserved 1081344K
  class space    used 3905K, capacity 4046K, committed 4096K, reserved 1048576K
Event: 2.489 GC heap after
Heap after GC invocations=5 (full 1):
 PSYoungGen      total 75776K, used 9991K [0x000000076b900000, 0x0000000771e80000, 0x00000007c0000000)
  eden space 65024K, 0% used [0x000000076b900000,0x000000076b900000,0x000000076f880000)
  from space 10752K, 92% used [0x0000000771400000,0x0000000771dc1c30,0x0000000771e80000)
  to   space 10752K, 0% used [0x000000076f880000,0x000000076f880000,0x0000000770300000)
 ParOldGen       total 145920K, used 27067K [0x00000006c2a00000, 0x00000006cb880000, 0x000000076b900000)
  object space 145920K, 18% used [0x00000006c2a00000,0x00000006c446efb0,0x00000006cb880000)
 Metaspace       used 31401K, capacity 31862K, committed 32000K, reserved 1081344K
  class space    used 3905K, capacity 4046K, committed 4096K, reserved 1048576K
}
Event: 2.489 GC heap before
{Heap before GC invocations=6 (full 2):
 PSYoungGen      total 75776K, used 9991K [0x000000076b900000, 0x0000000771e80000, 0x00000007c0000000)
  eden space 65024K, 0% used [0x000000076b900000,0x000000076b900000,0x000000076f880000)
  from space 10752K, 92% used [0x0000000771400000,0x0000000771dc1c30,0x0000000771e80000)
  to   space 10752K, 0% used [0x000000076f880000,0x000000076f880000,0x0000000770300000)
 ParOldGen       total 145920K, used 27067K [0x00000006c2a00000, 0x00000006cb880000, 0x000000076b900000)
  object space 145920K, 18% used [0x00000006c2a00000,0x00000006c446efb0,0x00000006cb880000)
 Metaspace       used 31401K, capacity 31862K, committed 32000K, reserved 1081344K
  class space    used 3905K, capacity 4046K, committed 4096K, reserved 1048576K
Event: 2.539 GC heap after
Heap after GC invocations=6 (full 2):
 PSYoungGen      total 75776K, used 0K [0x000000076b900000, 0x0000000771e80000, 0x00000007c0000000)
  eden space 65024K, 0% used [0x000000076b900000,0x000000076b900000,0x000000076f880000)
  from space 10752K, 0% used [0x0000000771400000,0x0000000771400000,0x0000000771e80000)
  to   space 10752K, 0% used [0x000000076f880000,0x000000076f880000,0x0000000770300000)
 ParOldGen       total 145920K, used 29221K [0x00000006c2a00000, 0x00000006cb880000, 0x000000076b900000)
  object space 145920K, 20% used [0x00000006c2a00000,0x00000006c4689788,0x00000006cb880000)
 Metaspace       used 31401K, capacity 31862K, committed 32000K, reserved 1079296K
  class space    used 3905K, capacity 4046K, committed 4096K, reserved 1048576K
}
Event: 2.561 GC heap before
{Heap before GC invocations=7 (full 2):
 PSYoungGen      total 75776K, used 2541K [0x000000076b900000, 0x0000000771e80000, 0x00000007c0000000)
  eden space 65024K, 3% used [0x000000076b900000,0x000000076bb7b5c8,0x000000076f880000)
  from space 10752K, 0% used [0x0000000771400000,0x0000000771400000,0x0000000771e80000)
  to   space 10752K, 0% used [0x000000076f880000,0x000000076f880000,0x0000000770300000)
 ParOldGen       total 145920K, used 29221K [0x00000006c2a00000, 0x00000006cb880000, 0x000000076b900000)
  object space 145920K, 20% used [0x00000006c2a00000,0x00000006c4689788,0x00000006cb880000)
 Metaspace       used 31688K, capacity 32150K, committed 32256K, reserved 1083392K
  class space    used 3936K, capacity 4078K, committed 4096K, reserved 1048576K
Event: 2.563 GC heap after
Heap after GC invocations=7 (full 2):
 PSYoungGen      total 75776K, used 769K [0x000000076b900000, 0x0000000771e80000, 0x00000007c0000000)
  eden space 65024K, 0% used [0x000000076b900000,0x000000076b900000,0x000000076f880000)
  from space 10752K, 7% used [0x000000076f880000,0x000000076f940408,0x0000000770300000)
  to   space 10752K, 0% used [0x0000000771400000,0x0000000771400000,0x0000000771e80000)
 ParOldGen       total 145920K, used 29221K [0x00000006c2a00000, 0x00000006cb880000, 0x000000076b900000)
  object space 145920K, 20% used [0x00000006c2a00000,0x00000006c4689788,0x00000006cb880000)
 Metaspace       used 31688K, capacity 32150K, committed 32256K, reserved 1083392K
  class space    used 3936K, capacity 4078K, committed 4096K, reserved 1048576K
}
Event: 2.563 GC heap before
{Heap before GC invocations=8 (full 3):
 PSYoungGen      total 75776K, used 769K [0x000000076b900000, 0x0000000771e80000, 0x00000007c0000000)
  eden space 65024K, 0% used [0x000000076b900000,0x000000076b900000,0x000000076f880000)
  from space 10752K, 7% used [0x000000076f880000,0x000000076f940408,0x0000000770300000)
  to   space 10752K, 0% used [0x0000000771400000,0x0000000771400000,0x0000000771e80000)
 ParOldGen       total 145920K, used 29221K [0x00000006c2a00000, 0x00000006cb880000, 0x000000076b900000)
  object space 145920K, 20% used [0x00000006c2a00000,0x00000006c4689788,0x00000006cb880000)
 Metaspace       used 31688K, capacity 32150K, committed 32256K, reserved 1083392K
  class space    used 3936K, capacity 4078K, committed 4096K, reserved 1048576K
Event: 2.673 GC heap after
Heap after GC invocations=8 (full 3):
 PSYoungGen      total 75776K, used 0K [0x000000076b900000, 0x0000000771e80000, 0x00000007c0000000)
  eden space 65024K, 0% used [0x000000076b900000,0x000000076b900000,0x000000076f880000)
  from space 10752K, 0% used [0x000000076f880000,0x000000076f880000,0x0000000770300000)
  to   space 10752K, 0% used [0x0000000771400000,0x0000000771400000,0x0000000771e80000)
 ParOldGen       total 145920K, used 27623K [0x00000006c2a00000, 0x00000006cb880000, 0x000000076b900000)
  object space 145920K, 18% used [0x00000006c2a00000,0x00000006c44f9fc0,0x00000006cb880000)
 Metaspace       used 31688K, capacity 32150K, committed 32256K, reserved 1081344K
  class space    used 3936K, capacity 4078K, committed 4096K, reserved 1048576K
}

Deoptimization events (10 events):
Event: 2.172 Thread 0x0000000002f82800 Uncommon trap: reason=bimorphic action=maybe_recompile pc=0x00000000035fd4f8 method=java.util.AbstractList$Itr.next()Ljava/lang/Object; @ 14
Event: 2.172 Thread 0x0000000002f82800 Uncommon trap: reason=bimorphic action=maybe_recompile pc=0x00000000035fd4f8 method=java.util.AbstractList$Itr.next()Ljava/lang/Object; @ 14
Event: 2.313 Thread 0x0000000002f82800 Uncommon trap: reason=range_check action=make_not_entrant pc=0x000000000346b4a8 method=sun.reflect.generics.parser.SignatureParser.current()C @ 34
Event: 2.361 Thread 0x0000000002f82800 Uncommon trap: reason=unstable_if action=reinterpret pc=0x0000000003738350 method=java.lang.reflect.Method.equals(Ljava/lang/Object;)Z @ 49
Event: 2.539 Thread 0x000000000307b800 Uncommon trap: reason=unstable_if action=reinterpret pc=0x0000000003743910 method=java.lang.ref.Finalizer.remove()V @ 10
Event: 2.539 Thread 0x000000000307b800 Uncommon trap: reason=unstable_if action=reinterpret pc=0x0000000003744738 method=java.lang.ref.Finalizer.remove()V @ 10
Event: 2.539 Thread 0x000000000307b800 Uncommon trap: reason=unstable_if action=reinterpret pc=0x0000000003738974 method=java.lang.ref.Finalizer.remove()V @ 10
Event: 2.886 Thread 0x0000000002f82800 Uncommon trap: reason=unstable_if action=reinterpret pc=0x000000000325d590 method=sun.nio.cs.UTF_8$Encoder.encode([CII[B)I @ 33
Event: 2.886 Thread 0x0000000002f82800 Uncommon trap: reason=unstable_if action=reinterpret pc=0x00000000032d207c method=sun.nio.cs.UTF_8$Decoder.decode([BII[C)I @ 30
Event: 2.886 Thread 0x0000000002f82800 Uncommon trap: reason=unstable_if action=reinterpret pc=0x00000000032dc82c method=sun.net.www.ParseUtil.encodePath(Ljava/lang/String;Z)Ljava/lang/String; @ 81

Classes redefined (0 events):
No events

Internal exceptions (10 events):
Event: 0.606 Thread 0x0000000002f82800 Exception <a 'java/lang/ArrayIndexOutOfBoundsException'> (0x000000076e1f08a8) thrown at [C:\src\AOSP-openjdk-git\hotspot\src\share\vm\runtime\sharedRuntime.cpp, line 605]
Event: 0.986 Thread 0x0000000002f82800 Exception <a 'java/lang/NoSuchMethodError': java.lang.Object.lambda$static$0()J> (0x000000076be7a920) thrown at [C:\src\AOSP-openjdk-git\hotspot\src\share\vm\interpreter\linkResolver.cpp, line 620]
Event: 1.151 Thread 0x0000000002f82800 Implicit null exception at 0x0000000003543297 to 0x000000000354340e
Event: 1.219 Thread 0x0000000002f82800 Exception <a 'java/lang/NoSuchMethodError': java.lang.Object.lambda$static$0(I)[Lorg/jetbrains/kotlin/com/intellij/openapi/editor/event/DocumentListener;> (0x000000076d5e18b8) thrown at [C:\src\AOSP-openjdk-git\hotspot\src\share\vm\interpreter\linkResolve
Event: 1.248 Thread 0x0000000002f82800 Exception <a 'java/lang/NoSuchMethodError': java.lang.Object.lambda$static$0(I)[Lorg/jetbrains/kotlin/com/intellij/psi/PsiAnnotation;> (0x000000076d81ad88) thrown at [C:\src\AOSP-openjdk-git\hotspot\src\share\vm\interpreter\linkResolver.cpp, line 620]
Event: 1.387 Thread 0x0000000002f82800 Exception <a 'java/lang/NoSuchMethodError': java.lang.Object.lambda$static$0(I)[Lorg/jetbrains/kotlin/com/intellij/psi/PsiElement;> (0x000000076be00fc0) thrown at [C:\src\AOSP-openjdk-git\hotspot\src\share\vm\interpreter\linkResolver.cpp, line 620]
Event: 1.427 Thread 0x0000000002f82800 Exception <a 'java/lang/NoSuchMethodError': java.lang.Object.lambda$comparing$77a9974f$1(Ljava/util/function/Function;Ljava/lang/Object;Ljava/lang/Object;)I> (0x000000076c019ec0) thrown at [C:\src\AOSP-openjdk-git\hotspot\src\share\vm\interpreter\linkReso
Event: 2.313 Thread 0x0000000002f82800 Exception <a 'java/lang/ArrayIndexOutOfBoundsException': 126> (0x000000076f492268) thrown at [C:\src\AOSP-openjdk-git\hotspot\src\share\vm\interpreter\interpreterRuntime.cpp, line 368]
Event: 2.313 Thread 0x0000000002f82800 Exception <a 'java/lang/ArrayIndexOutOfBoundsException': 86> (0x000000076f4936f0) thrown at [C:\src\AOSP-openjdk-git\hotspot\src\share\vm\interpreter\interpreterRuntime.cpp, line 368]
Event: 2.972 Thread 0x0000000002f82800 Exception <a 'java/lang/NoSuchMethodError': java.lang.Object.lambda$static$0(I)[Lorg/jetbrains/kotlin/psi/KtExpression;> (0x000000076cb61420) thrown at [C:\src\AOSP-openjdk-git\hotspot\src\share\vm\interpreter\linkResolver.cpp, line 620]

Events (10 events):
Event: 3.038 loading class org/jetbrains/kotlin/storage/LockBasedStorageManager$KeyWithComputation
Event: 3.038 loading class org/jetbrains/kotlin/storage/LockBasedStorageManager$KeyWithComputation done
Event: 3.038 loading class org/jetbrains/kotlin/resolve/lazy/descriptors/LazyPackageMemberScope
Event: 3.038 loading class org/jetbrains/kotlin/resolve/lazy/descriptors/LazyPackageMemberScope done
Event: 3.039 loading class org/jetbrains/kotlin/resolve/lazy/descriptors/AbstractLazyMemberScope
Event: 3.039 loading class org/jetbrains/kotlin/resolve/lazy/descriptors/AbstractLazyMemberScope done
Event: 3.040 loading class org/jetbrains/kotlin/resolve/lazy/descriptors/AbstractLazyMemberScope$classDescriptors$1
Event: 3.040 loading class org/jetbrains/kotlin/resolve/lazy/descriptors/AbstractLazyMemberScope$classDescriptors$1 done
Event: 3.041 loading class org/jetbrains/kotlin/resolve/lazy/descriptors/AbstractLazyMemberScope$functionDescriptors$1
Event: 3.041 loading class org/jetbrains/kotlin/resolve/lazy/descriptors/AbstractLazyMemberScope$functionDescriptors$1 done


Dynamic libraries:
0x00007ff754c60000 - 0x00007ff754c91000 	D:\Program Files\Android\Android Studio\jre\jre\bin\java.exe
0x00007ffe6b4f0000 - 0x00007ffe6b6e6000 	C:\WINDOWS\SYSTEM32\ntdll.dll
0x00007ffe6af40000 - 0x00007ffe6affd000 	C:\WINDOWS\System32\KERNEL32.DLL
0x00007ffe68fe0000 - 0x00007ffe692a9000 	C:\WINDOWS\System32\KERNELBASE.dll
0x00007ffe6a2a0000 - 0x00007ffe6a34c000 	C:\WINDOWS\System32\ADVAPI32.dll
0x00007ffe6b1f0000 - 0x00007ffe6b28e000 	C:\WINDOWS\System32\msvcrt.dll
0x00007ffe6a820000 - 0x00007ffe6a8bc000 	C:\WINDOWS\System32\sechost.dll
0x00007ffe6a630000 - 0x00007ffe6a75b000 	C:\WINDOWS\System32\RPCRT4.dll
0x00007ffe6a100000 - 0x00007ffe6a2a0000 	C:\WINDOWS\System32\USER32.dll
0x00007ffe68e60000 - 0x00007ffe68e82000 	C:\WINDOWS\System32\win32u.dll
0x00007ffe69520000 - 0x00007ffe6954a000 	C:\WINDOWS\System32\GDI32.dll
0x00007ffe69410000 - 0x00007ffe6951b000 	C:\WINDOWS\System32\gdi32full.dll
0x00007ffe68e90000 - 0x00007ffe68f2d000 	C:\WINDOWS\System32\msvcp_win.dll
0x00007ffe68d00000 - 0x00007ffe68e00000 	C:\WINDOWS\System32\ucrtbase.dll
0x00007ffe4a370000 - 0x00007ffe4a60b000 	C:\WINDOWS\WinSxS\amd64_microsoft.windows.common-controls_6595b64144ccf1df_6.0.19041.746_none_ca02b4b61b8320a4\COMCTL32.dll
0x00007ffe6aeb0000 - 0x00007ffe6aee0000 	C:\WINDOWS\System32\IMM32.DLL
0x0000000061180000 - 0x0000000061252000 	D:\Program Files\Android\Android Studio\jre\jre\bin\msvcr100.dll
0x0000000061c90000 - 0x00000000624db000 	D:\Program Files\Android\Android Studio\jre\jre\bin\server\jvm.dll
0x00007ffe6aea0000 - 0x00007ffe6aea8000 	C:\WINDOWS\System32\PSAPI.DLL
0x00007ffe5e840000 - 0x00007ffe5e849000 	C:\WINDOWS\SYSTEM32\WSOCK32.dll
0x00007ffe5d900000 - 0x00007ffe5d90a000 	C:\WINDOWS\SYSTEM32\VERSION.dll
0x00007ffe6b410000 - 0x00007ffe6b47b000 	C:\WINDOWS\System32\WS2_32.dll
0x00007ffe57f00000 - 0x00007ffe57f27000 	C:\WINDOWS\SYSTEM32\WINMM.dll
0x00007ffe5d540000 - 0x00007ffe5d54f000 	D:\Program Files\Android\Android Studio\jre\jre\bin\verify.dll
0x00007ffe5ce50000 - 0x00007ffe5ce79000 	D:\Program Files\Android\Android Studio\jre\jre\bin\java.dll
0x00007ffe5ce30000 - 0x00007ffe5ce46000 	D:\Program Files\Android\Android Studio\jre\jre\bin\zip.dll
0x00007ffe69550000 - 0x00007ffe69c93000 	C:\WINDOWS\System32\SHELL32.dll
0x00007ffe66960000 - 0x00007ffe670ef000 	C:\WINDOWS\SYSTEM32\windows.storage.dll
0x00007ffe69da0000 - 0x00007ffe6a0f6000 	C:\WINDOWS\System32\combase.dll
0x00007ffe684c0000 - 0x00007ffe684ec000 	C:\WINDOWS\SYSTEM32\Wldp.dll
0x00007ffe6adf0000 - 0x00007ffe6ae9e000 	C:\WINDOWS\System32\SHCORE.dll
0x00007ffe6aee0000 - 0x00007ffe6af35000 	C:\WINDOWS\System32\shlwapi.dll
0x00007ffe68b30000 - 0x00007ffe68b56000 	C:\WINDOWS\SYSTEM32\profapi.dll
0x00007ffe5cda0000 - 0x00007ffe5cdba000 	D:\Program Files\Android\Android Studio\jre\jre\bin\net.dll
0x00007ffe682b0000 - 0x00007ffe6831a000 	C:\WINDOWS\system32\mswsock.dll
0x00007ffe55bb0000 - 0x00007ffe55bc3000 	D:\Program Files\Android\Android Studio\jre\jre\bin\nio.dll

VM Arguments:
java_command: org.jetbrains.kotlin.cli.jvm.K2JVMCompiler @D:\Android\new\Carpenter_Calc\app\build\20210211_1911747380676172745.compiler.options
java_class_path (initial): C:\Users\Benedict\.gradle\caches\modules-2\files-2.1\org.jetbrains.kotlin\kotlin-compiler-embeddable\1.4.30\320bc62a2dfa19a24bc1613894ae0eabc909052c\kotlin-compiler-embeddable-1.4.30.jar;C:\Users\Benedict\.gradle\caches\modules-2\files-2.1\org.jetbrains.kotlin\kotlin-reflect\1.4.30\a9116fbe28a0514671787df95133f28e65fdac25\kotlin-reflect-1.4.30.jar;C:\Users\Benedict\.gradle\caches\modules-2\files-2.1\org.jetbrains.kotlin\kotlin-stdlib\1.4.30\d10d1e10f47006ee08162dde039e38ac487de4ac\kotlin-stdlib-1.4.30.jar;C:\Users\Benedict\.gradle\caches\modules-2\files-2.1\org.jetbrains.kotlin\kotlin-script-runtime\1.4.30\b9c2a1fab9217623fc0fbadf6190e77eed6f054d\kotlin-script-runtime-1.4.30.jar;C:\Users\Benedict\.gradle\caches\modules-2\files-2.1\org.jetbrains.kotlin\kotlin-daemon-embeddable\1.4.30\bc024798c5378570ded42ffe3db82ca8ac86dabc\kotlin-daemon-embeddable-1.4.30.jar;C:\Users\Benedict\.gradle\caches\modules-2\files-2.1\org.jetbrains.intellij.deps\trove4j\1.0.20181211\216c2e14b070f334479d800987affe4054cd563f\trove4j-1.0.20181211.jar;C:\Users\Benedict\.gradle\caches\modules-2\files-2.1\org.jetbrains.kotlin\kotlin-stdlib-common\1.4.30\bb9a3173350f55732416ee27956ea8f9b81f4dbb\kotlin-stdlib-common-1.4.30.jar;C:\Users\Benedict\.gradle\caches\modules-2\files-2.1\org.jetbrains\annotations\13.0\919f0dfe192fb4e063e7dacadee7f8bb9a2672a9\annotations-13.0.jar;D:\Program Files\Android\Android Studio\jre\lib\tools.jar
Launcher Type: SUN_STANDARD

Environment Variables:
JAVA_HOME=D:\Program Files\Java\jdk-13.0.2
PATH=D:\Program Files (x86)\VMware\VMware Workstation\bin\;C:\Python38\Scripts\;C:\Python38\;D:\oraclexe\app\oracle\product\11.2.0\server\bin;C:\Windows\system32;C:\Windows;C:\Windows\System32\Wbem;C:\Windows\System32\WindowsPowerShell\v1.0\;C:\Windows\System32\OpenSSH\;C:\Program Files (x86)\NVIDIA Corporation\PhysX\Common;C:\Program Files\NVIDIA Corporation\NVIDIA NvDLISR;D:\Program Files\Java\jdk-13.0.2\bin;D:\Program Files\VSCodium\bin;C:\WINDOWS\system32;C:\WINDOWS;C:\WINDOWS\System32\Wbem;C:\WINDOWS\System32\WindowsPowerShell\v1.0\;C:\WINDOWS\System32\OpenSSH\;D:\Go\bin;D:\Program Files\nodejs\;C:\ProgramData\chocolatey\bin;D:\HashiCorp\Vagrant\bin;C:\Program Files\dotnet\;D:\Program Files (x86)\AOMEI\AOMEI Backupper 5.7.0;C:\Program Files\PowerShell\7\;D:\Program Files\Calibre2\;D:\Program Files\Git\cmd;C:\Users\Benedict\AppData\Local\Microsoft\WindowsApps;D:\Bandizip\;C:\Users\Benedict\AppData\Roaming\Amazon;;D:\Fiddler;C:\Users\Benedict\go\bin;C:\Users\Benedict\AppData\Roaming\npm;C:\Users\Benedict\.dotnet\tools
USERNAME=Benedict
OS=Windows_NT
PROCESSOR_IDENTIFIER=Intel64 Family 6 Model 166 Stepping 0, GenuineIntel



---------------  S Y S T E M  ---------------

OS: Windows 10.0 , 64 bit Build 19041 (10.0.19041.662)

CPU:total 12 (initial active 12) (6 cores per cpu, 2 threads per core) family 6 model 166 stepping 0, cmov, cx8, fxsr, mmx, sse, sse2, sse3, ssse3, sse4.1, sse4.2, popcnt, avx, avx2, aes, clmul, erms, 3dnowpref, lzcnt, ht, tsc, tscinvbit, bmi1, bmi2, adx

Memory: 4k page, physical 16603188k(659284k free), swap 29710384k(5256k free)

vm_info: OpenJDK 64-Bit Server VM (25.242-b01) for windows-amd64 JRE (1.8.0_242-release-1644-b01), built by "builder" with MS VC++ 10.0 (VS2010)

time: Thu Feb 11 10:19:48 2021
timezone: 中国标准时间
elapsed time: 3 seconds (0d 0h 0m 3s)

